
   --- Expanded Deck Component Count ---
C's 4
M's 11
R's 4
V's 8
tot: 27


    --- Expanded Netlist ---
* C:\Users\Gabriel\Desktop\project submission\homework4 - config3.asc
m1 von vip n002 n002 cmosn l=2e-007 w=0.000388 ad=1.0088e-010 as=1.0088e-010 pd=0.00077652 ps=0.00077652 
m2 vdd vbpo von vdd cmosp l=1.3e-007 w=0.00015994188 ad=4.15848888e-011 as=4.15848888e-011 pd=0.00032040376 ps=0.00032040376 
v1 vdd 0 1.3
m3 vdd vbpo vop vdd cmosp l=1.3e-007 w=0.00015994188 ad=4.15848888e-011 as=4.15848888e-011 pd=0.00032040376 ps=0.00032040376 
m4 vop vin n003 n003 cmosn l=2e-007 w=0.000388 ad=1.0088e-010 as=1.0088e-010 pd=0.00077652 ps=0.00077652 
m0 n003 vcmfb2 0 0 cmosn l=1.3e-007 w=0.000596 ad=1.5496e-010 as=1.5496e-010 pd=0.00119252 ps=0.00119252 
v2 vcmfb 0 0.55 
c1 vdd von 5p
c2 vdd vop 5p
v3 vip 0 0.568 ac .5
v4 vbpo 0 0.6 
r1 von vcmo 100g
r2 vop vcmo 100g
v5 vin 0 0.568 ac -.5
mb1 n001 vcmo n005 n001 cmosp l=1.3e-007 w=2.2222e-005 ad=5.77772e-012 as=5.77772e-012 pd=4.4964e-005 ps=4.4964e-005 
ma vdd vb n001 vdd cmosp l=1.3e-007 w=4.4e-005 ad=1.144e-011 as=1.144e-011 pd=8.852e-005 ps=8.852e-005 
mc1 n005 n005 0 0 cmosn l=5.2e-007 w=8.054e-006 ad=2.09404e-012 as=2.09404e-012 pd=1.6628e-005 ps=1.6628e-005 
v6 vb 0 0.65 
v7 vref 0 0.6
v8 vcmo2 0 0.6 ac 1
mc2 vcmfb2 n005 0 0 cmosn l=5.2e-007 w=8.054e-006 ad=2.09404e-012 as=2.09404e-012 pd=1.6628e-005 ps=1.6628e-005 
mb2 n001 vref vcmfb2 n001 cmosp l=1.3e-007 w=2.2222e-005 ad=5.77772e-012 as=5.77772e-012 pd=4.4964e-005 ps=4.4964e-005 
c3 vcmfb2 vop 1e-012 
c4 vcmfb2 von 1e-012 
m5 n002 vcmfb2 0 0 cmosn l=1.3e-007 w=0.000596 ad=1.5496e-010 as=1.5496e-010 pd=0.00119252 ps=0.00119252 
r3 n004 n002 10
r4 n003 n004 10
.model cmosp pmos (level=49 version=3.1 tnom=27 tox=3.2e-9 xj=1e-7 nch=4.1589e17 vth0=-0.2184693 k1=0.251043 k2=0.0107986 k3=0.0939299 k3b=14.287779 w0=1e-6 nlx=2.83073e-7 dvt0w=0 dvt1w=0 dvt2w=0 dvt0=8.124641e-4 dvt1=0.4664019 dvt2=0.1 u0=111.8794007 ua=1.325562e-9 ub=3.221853e-21 uc=-1.73309e-11 vsat=1.998045e5 a0=2 ags=0.7381126 b0=6.526983e-6 b1=5e-6 keta=0.0167193 a1=1.316147e-3 a2=0.4631991 rdsw=106.4080613 prwg=-0.4993469 prwb=0.5 wr=1 wint=0 lint=7.66174e-9 dwg=4.097251e-9 dwb=-3.051451e-9 voff=-0.1022829 nfactor=1.5332272 cit=0 cdsc=2.4e-4 cdscd=0 cdscb=0 eta0=7.088326e-3 etab=-3.405323e-3 dsub=1.642777e-3 pclm=0.1688598 pdiblc1=1.428801e-3 pdiblc2=-9.415836e-6 pdiblcb=-1e-3 drout=3.682163e-6 pscbe1=5.118004e9 pscbe2=1.563874e-9 pvag=0.0183422 delta=0.01 rsh=6.9 mobmod=1 prt=0 ute=-1.5 kt1=-0.11 kt1l=0 kt2=0.022 ua1=4.31e-9 ub1=-7.61e-18 uc1=-5.6e-11 at=3.3e4 wl=0 wln=1 ww=0 wwn=1 wwl=0 ll=0 lln=1 lw=0 lwn=1 lwl=0 capmod=2 xpart=0.5 cgdo=3.88e-10 cgso=3.88e-10 cgbo=1e-10 cj=1.174219e-3 pb=0.824378 mj=0.4102315 cjsw=1.318145e-10 pbsw=0.8340772 mjsw=0.1 cjswg=4.22e-10 pbswg=0.8340772 mjswg=0.1 cf=0 pvth0=5.093002e-5 prdsw=56.1585333 pk2=2.616923e-3 wketa=0.0353839 lketa=0.0163711 pu0=-1.0463987 pua=-5.37814e-11 pub=1.543904e-23 pvsat=-50 peta0=1e-4 pketa=-4.815139e-3 noimod=2.0e+00 noia=3.57456993317604e+18 noib=2500 noic=2.61260020285845e-11 ef=1.1388 em=41000000)
.model cmosn nmos (level=49 version=3.1 tnom=27 tox=3.2e-9 xj=1e-7 nch=2.3549e17 vth0=0.0568751 k1=0.3020081 k2=-0.0126353 k3=1e-3 k3b=4.0207582 w0=1e-7 nlx=1e-6 dvt0w=0 dvt1w=0 dvt2w=0 dvt0=1.0831955 dvt1=0.1843614 dvt2=0.2748043 u0=434.7091169 ua=-5.43709e-10 ub=3.701463e-18 uc=4.393831e-10 vsat=1.628587e5 a0=1.7574452 ags=0.9073285 b0=6.50197e-6 b1=5e-6 keta=0.0191837 a1=8.559091e-4 a2=0.3645109 rdsw=150 prwg=0.3557617 prwb=0.1071626 wr=1 wint=1.783755e-8 lint=1.034003e-8 dwg=-3.45492e-10 dwb=1.327182e-8 voff=-0.0378384 nfactor=2.5 cit=0 cdsc=2.4e-4 cdscd=0 cdscb=0 eta0=1.001562e-3 etab=0.5140021 dsub=4.098585e-6 pclm=0.9707588 pdiblc1=0.9980936 pdiblc2=0.01 pdiblcb=0.1 drout=0.999035 pscbe1=7.973198e10 pscbe2=5.003614e-10 pvag=0.49933 delta=0.01 rsh=6.9 mobmod=1 prt=0 ute=-1.5 kt1=-0.11 kt1l=0 kt2=0.022 ua1=4.31e-9 ub1=-7.61e-18 uc1=-5.6e-11 at=3.3e4 wl=0 wln=1 ww=0 wwn=1 wwl=0 ll=0 lln=1 lw=0 lwn=1 lwl=0 capmod=2 xpart=0.5 cgdo=4.04e-10 cgso=4.04e-10 cgbo=1e-10 cj=8.395926e-4 pb=0.8452447 mj=0.5347241 cjsw=2.43093e-10 pbsw=0.8 mjsw=0.2862576 cjswg=3.3e-10 pbswg=0.8 mjswg=0.2862576 cf=0 pvth0=2.009264e-4 prdsw=0 pk2=1.30501e-3 wketa=-1.227146e-3 lketa=6.04383e-3 pu0=4.4729531 pua=1.66833e-11 pub=0 pvsat=653.2294237 peta0=1e-4 pketa=-0.0204684 noimod=2.0e+00 noia=1.3182567385564e+19 noib=144543.977074592 noic=-1.24515784572817e-12 ef=0.92 em=41000000)
.noise v(vop,von) v3 dec 100 10k 10meg
.options plotwinsize=0
.end

WARNING: Less than two connections to node VCMFB.  This node is used by V2.
WARNING: Less than two connections to node VCMO2.  This node is used by V8.
Direct Newton iteration failed to find .op point.  (Use ".option noopiter" to skip.)
Starting Gmin stepping
Gmin = 10
Gmin = 1.07374
Gmin = 0.115292
Gmin = 0.0123794
Gmin = 0.00132923
Gmin = 0.000142725
Gmin = 1.5325e-005
Gmin = 1.6455e-006
Gmin = 1.76685e-007
Gmin = 1.89714e-008
Gmin = 2.03704e-009
Gmin = 2.18725e-010
Gmin = 2.34854e-011
vernier = 0.5
vernier = 0.25
vernier = 0.333333
Gmin = 1.47785e-011
vernier = 0.444444
Gmin = 5.70212e-012
vernier = 0.592592
vernier = 0.790123
Gmin = 1.21033e-012
vernier = 1
Gmin = 1.41595e-013
Gmin = 0
Gmin stepping succeeded in finding the operating point.


Date: Fri Jul 10 18:53:46 2020
Total elapsed time: 0.293 seconds.

tnom = 27
temp = 27
method = trap
totiter = 719
traniter = 0
tranpoints = 0
accept = 0
rejected = 0
matrix size = 25
fillins = 8
solver = Normal
Matrix Compiler1:     109 opcodes
Matrix Compiler2: off  [0.5]/0.6/0.8

